============================================
matriz8.in.out - 4
---------------------------
1.000000 2.000000 3.000000 4.000000 
5.000000 6.000000 7.000000 8.000000 
4.000000 3.000000 2.000000 1.000000 
8.000000 7.000000 6.000000 5.000000 

---------------------------
1.000000 5.000000 8.000000 7.000000 
2.000000 6.000000 6.000000 5.000000 
3.000000 7.000000 4.000000 3.000000 
4.000000 8.000000 2.000000 1.000000 

---------------------------
30.000000 70.000000 40.000000 30.000000 
70.000000 174.000000 120.000000 94.000000 
20.000000 60.000000 60.000000 50.000000 
60.000000 164.000000 140.000000 114.000000 

---------------------------
0.000000
============================================
